\BOOKMARK [0][-]{chapter*.1}{Forkortelser}{}% 1
\BOOKMARK [0][-]{chapter.1}{Kravspecifikation}{}% 2
\BOOKMARK [1][-]{section.1.1}{Systembeskrivelse}{chapter.1}% 3
\BOOKMARK [1][-]{section.1.2}{Funktionelle krav}{chapter.1}% 4
\BOOKMARK [2][-]{subsection.1.2.1}{Akt\370r-kontekstdiagram}{section.1.2}% 5
\BOOKMARK [2][-]{subsection.1.2.2}{Akt\370rbeskrivelse}{section.1.2}% 6
\BOOKMARK [2][-]{subsection.1.2.3}{Use case-diagram}{section.1.2}% 7
\BOOKMARK [2][-]{subsection.1.2.4}{Use cases}{section.1.2}% 8
\BOOKMARK [1][-]{section.1.3}{Ikke-funktionelle krav}{chapter.1}% 9
\BOOKMARK [2][-]{subsection.1.3.1}{FURPS+}{section.1.3}% 10
\BOOKMARK [0][-]{chapter.2}{Systemarkitektur}{}% 11
\BOOKMARK [1][-]{section.2.1}{Hardware}{chapter.2}% 12
\BOOKMARK [2][-]{subsection.2.1.1}{BDD}{section.2.1}% 13
\BOOKMARK [2][-]{subsection.2.1.2}{IBD}{section.2.1}% 14
\BOOKMARK [1][-]{section.2.2}{Software}{chapter.2}% 15
\BOOKMARK [2][-]{subsection.2.2.1}{Applikationsmodel}{section.2.2}% 16
\BOOKMARK [0][-]{chapter.3}{Produktet}{}% 17
\BOOKMARK [0][-]{chapter.4}{Accepttest}{}% 18
\BOOKMARK [1][-]{section.4.1}{Funktionelle krav}{chapter.4}% 19
\BOOKMARK [2][-]{subsection.4.1.1}{Accepttest af use cases}{section.4.1}% 20
\BOOKMARK [1][-]{section.4.2}{Ikke-funktionelle krav}{chapter.4}% 21
\BOOKMARK [0][-]{chapter*.12}{Bilag}{}% 22
\BOOKMARK [1][-]{section*.13}{Bilag 1: Samarbejdsaftale}{chapter*.12}% 23
\BOOKMARK [1][-]{section*.14}{Bilag 2: Tidsplan}{chapter*.12}% 24
\BOOKMARK [1][-]{section*.16}{Bilag 3: Hardware versioner}{chapter*.12}% 25
\BOOKMARK [1][-]{section*.17}{Bilag 4: Software versioner}{chapter*.12}% 26
\BOOKMARK [1][-]{section*.18}{Bilag 5: Logbog}{chapter*.12}% 27
\BOOKMARK [1][-]{section*.19}{Bilag 6: M\370dereferater}{chapter*.12}% 28
\BOOKMARK [1][-]{section*.20}{Bilag 7: Datasheet NI-6009 DAQ}{chapter*.12}% 29
