\BOOKMARK [0][-]{chapter*.1}{Resum\351}{}% 1
\BOOKMARK [0][-]{chapter*.2}{Forkortelser}{}% 2
\BOOKMARK [0][-]{chapter.1}{Indledning}{}% 3
\BOOKMARK [0][-]{chapter.2}{Projektformulering}{}% 4
\BOOKMARK [1][-]{section.2.1}{Projektformulering}{chapter.2}% 5
\BOOKMARK [1][-]{section.2.2}{Pr\346cisering}{chapter.2}% 6
\BOOKMARK [1][-]{section.2.3}{M\345lgruppe}{chapter.2}% 7
\BOOKMARK [0][-]{chapter.3}{Baggrund}{}% 8
\BOOKMARK [1][-]{section.3.1}{Sundhedsfaglig teori}{chapter.3}% 9
\BOOKMARK [1][-]{section.3.2}{Teknologisk teori}{chapter.3}% 10
\BOOKMARK [1][-]{section.3.3}{Baggrund fra klinisk praksis}{chapter.3}% 11
\BOOKMARK [0][-]{chapter.4}{Udvikling}{}% 12
\BOOKMARK [1][-]{section.4.1}{Kravspecifikation}{chapter.4}% 13
\BOOKMARK [2][-]{subsection.4.1.1}{Akt\370rbeskrivelse}{section.4.1}% 14
\BOOKMARK [2][-]{subsection.4.1.2}{Use case diagram}{section.4.1}% 15
\BOOKMARK [2][-]{subsection.4.1.3}{Use case beskrivelser}{section.4.1}% 16
\BOOKMARK [2][-]{subsection.4.1.4}{Fullydressed use case for use case X}{section.4.1}% 17
\BOOKMARK [1][-]{section.4.2}{Systemarkitektur}{chapter.4}% 18
\BOOKMARK [2][-]{subsection.4.2.1}{Hardware}{section.4.2}% 19
\BOOKMARK [2][-]{subsection.4.2.2}{Software}{section.4.2}% 20
\BOOKMARK [1][-]{section.4.3}{Produktet}{chapter.4}% 21
\BOOKMARK [2][-]{subsection.4.3.1}{Hardware}{section.4.3}% 22
\BOOKMARK [2][-]{subsection.4.3.2}{Software}{section.4.3}% 23
\BOOKMARK [1][-]{section.4.4}{Accepttest}{chapter.4}% 24
\BOOKMARK [1][-]{section.4.5}{Opfyldelse af kravspecifikation}{chapter.4}% 25
\BOOKMARK [1][-]{section.4.6}{Videreudvikling}{chapter.4}% 26
\BOOKMARK [0][-]{chapter.5}{Arbejdsmetoder}{}% 27
\BOOKMARK [1][-]{section.5.1}{Projektstyring}{chapter.5}% 28
\BOOKMARK [1][-]{section.5.2}{Udviklingsproces}{chapter.5}% 29
\BOOKMARK [1][-]{section.5.3}{Udviklingsv\346rkt\370jer}{chapter.5}% 30
\BOOKMARK [1][-]{section.5.4}{Rollefordeling}{chapter.5}% 31
\BOOKMARK [0][-]{chapter.6}{Resultater}{}% 32
\BOOKMARK [0][-]{chapter.7}{Diskussion}{}% 33
\BOOKMARK [0][-]{chapter.8}{Konklusion}{}% 34
\BOOKMARK [0][-]{chapter.9}{Opn\345ede erfaringer}{}% 35
\BOOKMARK [0][-]{chapter*.28}{Bilagsliste}{}% 36
