\BOOKMARK [0][-]{chapter*.1}{Forkortelser}{}% 1
\BOOKMARK [0][-]{chapter.1}{Kravspecifikation}{}% 2
\BOOKMARK [1][-]{section.1.1}{Ikke-funktionelle krav}{chapter.1}% 3
\BOOKMARK [1][-]{section.1.2}{Funktionelle krav}{chapter.1}% 4
\BOOKMARK [2][-]{subsection.1.2.1}{Akt\370r-kontekstdiagram}{section.1.2}% 5
\BOOKMARK [2][-]{subsection.1.2.2}{Akt\370rbeskrivelse}{section.1.2}% 6
\BOOKMARK [2][-]{subsection.1.2.3}{Use Case-diagram}{section.1.2}% 7
\BOOKMARK [2][-]{subsection.1.2.4}{Use cases}{section.1.2}% 8
\BOOKMARK [0][-]{chapter.2}{Systemarkitektur}{}% 9
\BOOKMARK [1][-]{section.2.1}{Hardware}{chapter.2}% 10
\BOOKMARK [1][-]{section.2.2}{Software}{chapter.2}% 11
\BOOKMARK [0][-]{chapter.3}{Produktet}{}% 12
\BOOKMARK [0][-]{chapter.4}{Accepttest}{}% 13
\BOOKMARK [1][-]{subsection.4.0.1}{Use Case X}{chapter.4}% 14
\BOOKMARK [0][-]{chapter*.2}{Bilag}{}% 15
\BOOKMARK [1][-]{section*.3}{Bilag 1: Samarbejdsaftale}{chapter*.2}% 16
\BOOKMARK [1][-]{section*.4}{Bilag 2: Tidsplan}{chapter*.2}% 17
\BOOKMARK [1][-]{section*.6}{Bilag 3: Hardware versioner}{chapter*.2}% 18
\BOOKMARK [1][-]{section*.7}{Bilag 4: Software versioner}{chapter*.2}% 19
\BOOKMARK [1][-]{section*.8}{Bilag 5: Logbog}{chapter*.2}% 20
\BOOKMARK [1][-]{section*.9}{Bilag 6: M\370dereferater}{chapter*.2}% 21
