\BOOKMARK [0][-]{chapter*.1}{Resum\351}{}% 1
\BOOKMARK [0][-]{chapter*.2}{Forkortelser}{}% 2
\BOOKMARK [0][-]{chapter.1}{Indledning}{}% 3
\BOOKMARK [0][-]{chapter.2}{Projektformulering}{}% 4
\BOOKMARK [1][-]{section.2.1}{Projektformulering}{chapter.2}% 5
\BOOKMARK [1][-]{section.2.2}{Pr\346cisering}{chapter.2}% 6
\BOOKMARK [1][-]{section.2.3}{M\345lgruppe}{chapter.2}% 7
\BOOKMARK [0][-]{chapter.3}{Baggrund}{}% 8
\BOOKMARK [1][-]{section.3.1}{Sundhedsfaglig teori}{chapter.3}% 9
\BOOKMARK [1][-]{section.3.2}{Teknologisk teori}{chapter.3}% 10
\BOOKMARK [0][-]{chapter.4}{Arbejdsmetoder}{}% 11
\BOOKMARK [1][-]{section.4.1}{Redskaber}{chapter.4}% 12
\BOOKMARK [1][-]{section.4.2}{Projektstyring}{chapter.4}% 13
\BOOKMARK [1][-]{section.4.3}{Udviklingsproces}{chapter.4}% 14
\BOOKMARK [0][-]{chapter.5}{Resultater}{}% 15
\BOOKMARK [0][-]{chapter.6}{Diskussion}{}% 16
\BOOKMARK [0][-]{chapter.7}{Konklusion}{}% 17
\BOOKMARK [0][-]{chapter.8}{Opn\345ede erfaringer}{}% 18
\BOOKMARK [0][-]{chapter.9}{Udvikling}{}% 19
\BOOKMARK [1][-]{section.9.1}{Kravspecifikation}{chapter.9}% 20
\BOOKMARK [2][-]{subsection.9.1.1}{Akt\370rbeskrivelse}{section.9.1}% 21
\BOOKMARK [2][-]{subsection.9.1.2}{Use case diagram}{section.9.1}% 22
\BOOKMARK [2][-]{subsection.9.1.3}{Use case beskrivelser}{section.9.1}% 23
\BOOKMARK [2][-]{subsection.9.1.4}{Fullydressed use case for use case X}{section.9.1}% 24
\BOOKMARK [1][-]{section.9.2}{Systemarkitektur}{chapter.9}% 25
\BOOKMARK [2][-]{subsection.9.2.1}{Hardware}{section.9.2}% 26
\BOOKMARK [2][-]{subsection.9.2.2}{Software}{section.9.2}% 27
\BOOKMARK [1][-]{section.9.3}{Produktet}{chapter.9}% 28
\BOOKMARK [2][-]{subsection.9.3.1}{Hardware}{section.9.3}% 29
\BOOKMARK [2][-]{subsection.9.3.2}{Software}{section.9.3}% 30
\BOOKMARK [1][-]{section.9.4}{Accepttest}{chapter.9}% 31
\BOOKMARK [1][-]{section.9.5}{Opfyldelse af kravspecifikation}{chapter.9}% 32
\BOOKMARK [1][-]{section.9.6}{Videreudvikling}{chapter.9}% 33
\BOOKMARK [0][-]{chapter*.5}{Bilagsliste}{}% 34
\BOOKMARK [0][-]{section*.7}{Litteratur}{}% 35
